<?xml version="1.0" encoding="UTF-8" ?>
<testsuite failures="0" time="0.003" errors="5" skipped="0" tests="5" name="service.MechBayUnitTest">
  <properties>
    <property name="java.runtime.name" value="Java(TM) SE Runtime Environment"/>
    <property name="sun.boot.library.path" value="E:\devtools\Java\JRE1.7\jre\bin"/>
    <property name="java.vm.version" value="24.71-b01"/>
    <property name="java.vm.vendor" value="Oracle Corporation"/>
    <property name="java.vendor.url" value="http://java.oracle.com/"/>
    <property name="path.separator" value=";"/>
    <property name="guice.disable.misplaced.annotation.check" value="true"/>
    <property name="java.vm.name" value="Java HotSpot(TM) 64-Bit Server VM"/>
    <property name="file.encoding.pkg" value="sun.io"/>
    <property name="user.script" value=""/>
    <property name="user.country" value="US"/>
    <property name="sun.java.launcher" value="SUN_STANDARD"/>
    <property name="sun.os.patch.level" value=""/>
    <property name="java.vm.specification.name" value="Java Virtual Machine Specification"/>
    <property name="user.dir" value="E:\development\programingWorkspace\battletech"/>
    <property name="java.runtime.version" value="1.7.0_71-b14"/>
    <property name="java.awt.graphicsenv" value="sun.awt.Win32GraphicsEnvironment"/>
    <property name="java.endorsed.dirs" value="E:\devtools\Java\JRE1.7\jre\lib\endorsed"/>
    <property name="os.arch" value="amd64"/>
    <property name="java.io.tmpdir" value="C:\Users\steve\AppData\Local\Temp\"/>
    <property name="line.separator" value="
"/>
    <property name="java.vm.specification.vendor" value="Oracle Corporation"/>
    <property name="user.variant" value=""/>
    <property name="os.name" value="Windows 8.1"/>
    <property name="classworlds.conf" value="E:\development\programingWorkspace\.metadata\.plugins\org.eclipse.m2e.launching\launches\m2conf7727360813019160817.tmp"/>
    <property name="sun.jnu.encoding" value="Cp1252"/>
    <property name="java.library.path" value="E:\devtools\Java\JRE1.7\bin;C:\Windows\Sun\Java\bin;C:\Windows\system32;C:\Windows;E:/devtools/Java/JRE1.7/jre/bin/server;E:/devtools/Java/JRE1.7/jre/bin;E:/devtools/Java/JRE1.7/jre/lib/amd64;E:\devtools\Java;C:\Program Files (x86)\Intel\iCLS Client\;C:\Program Files\Intel\iCLS Client\;C:\Program Files (x86)\NVIDIA Corporation\PhysX\Common;C:\Windows\system32;C:\Windows;C:\Windows\System32\Wbem;C:\Windows\System32\WindowsPowerShell\v1.0\;C:\Program Files\Intel\Intel(R) Management Engine Components\DAL;C:\Program Files (x86)\Intel\Intel(R) Management Engine Components\DAL;C:\Program Files\Intel\Intel(R) Management Engine Components\IPT;C:\Program Files (x86)\Intel\Intel(R) Management Engine Components\IPT;;E:\devtools\IDES\eclipse;;."/>
    <property name="java.specification.name" value="Java Platform API Specification"/>
    <property name="java.class.version" value="51.0"/>
    <property name="sun.management.compiler" value="HotSpot 64-Bit Tiered Compilers"/>
    <property name="os.version" value="6.3"/>
    <property name="user.home" value="C:\Users\steve"/>
    <property name="user.timezone" value="America/New_York"/>
    <property name="java.awt.printerjob" value="sun.awt.windows.WPrinterJob"/>
    <property name="java.specification.version" value="1.7"/>
    <property name="file.encoding" value="Cp1252"/>
    <property name="user.name" value="steve"/>
    <property name="java.class.path" value="/E:/devtools/IDES/eclipse/plugins/org.eclipse.m2e.maven.runtime_1.5.0.20140605-2032/jars/plexus-classworlds-2.5.1.jar"/>
    <property name="org.slf4j.simpleLogger.defaultLogLevel" value="info"/>
    <property name="java.vm.specification.version" value="1.7"/>
    <property name="sun.arch.data.model" value="64"/>
    <property name="java.home" value="E:\devtools\Java\JRE1.7\jre"/>
    <property name="sun.java.command" value="org.codehaus.plexus.classworlds.launcher.Launcher -B install"/>
    <property name="java.specification.vendor" value="Oracle Corporation"/>
    <property name="user.language" value="en"/>
    <property name="awt.toolkit" value="sun.awt.windows.WToolkit"/>
    <property name="java.vm.info" value="mixed mode"/>
    <property name="java.version" value="1.7.0_71"/>
    <property name="java.ext.dirs" value="E:\devtools\Java\JRE1.7\jre\lib\ext;C:\Windows\Sun\Java\lib\ext"/>
    <property name="sun.boot.class.path" value="E:\devtools\Java\JRE1.7\jre\lib\resources.jar;E:\devtools\Java\JRE1.7\jre\lib\rt.jar;E:\devtools\Java\JRE1.7\jre\lib\sunrsasign.jar;E:\devtools\Java\JRE1.7\jre\lib\jsse.jar;E:\devtools\Java\JRE1.7\jre\lib\jce.jar;E:\devtools\Java\JRE1.7\jre\lib\charsets.jar;E:\devtools\Java\JRE1.7\jre\lib\jfr.jar;E:\devtools\Java\JRE1.7\jre\classes"/>
    <property name="java.vendor" value="Oracle Corporation"/>
    <property name="maven.home" value="E:\development\programingWorkspace\battletech\EMBEDDED"/>
    <property name="file.separator" value="\"/>
    <property name="java.vendor.url.bug" value="http://bugreport.sun.com/bugreport/"/>
    <property name="sun.cpu.endian" value="little"/>
    <property name="sun.io.unicode.encoding" value="UnicodeLittle"/>
    <property name="sun.desktop" value="windows"/>
    <property name="sun.cpu.isalist" value="amd64"/>
  </properties>
  <testcase time="0.001" classname="service.MechBayUnitTest" name="canAssembleCenterTorso">
    <error message="Unresolved compilation problems: 
	The import enums.ItemType cannot be resolved
	The method getInternalArmorforTemplate(MechClass, ChassisComponent) in the type ArmorService is not applicable for the arguments (MechClass, ComponentType)
	ItemType cannot be resolved to a variable
	ItemType cannot be resolved to a variable
	The method getInternalArmorforTemplate(MechClass, ChassisComponent) in the type ArmorService is not applicable for the arguments (MechClass, ComponentType)
	ItemType cannot be resolved to a variable
	ItemType cannot be resolved to a variable
	The method getInternalArmorforTemplate(MechClass, ChassisComponent) in the type ArmorService is not applicable for the arguments (MechClass, ComponentType)
	ItemType cannot be resolved to a variable
	ItemType cannot be resolved to a variable
	The method getInternalArmorforTemplate(MechClass, ChassisComponent) in the type ArmorService is not applicable for the arguments (MechClass, ComponentType)
	ItemType cannot be resolved to a variable
	ItemType cannot be resolved to a variable
	ItemType cannot be resolved to a variable
	ItemType cannot be resolved to a variable
	ItemType cannot be resolved to a variable
	ItemType cannot be resolved to a variable
" type="java.lang.Error">java.lang.Error: Unresolved compilation problems: 
	The import enums.ItemType cannot be resolved
	The method getInternalArmorforTemplate(MechClass, ChassisComponent) in the type ArmorService is not applicable for the arguments (MechClass, ComponentType)
	ItemType cannot be resolved to a variable
	ItemType cannot be resolved to a variable
	The method getInternalArmorforTemplate(MechClass, ChassisComponent) in the type ArmorService is not applicable for the arguments (MechClass, ComponentType)
	ItemType cannot be resolved to a variable
	ItemType cannot be resolved to a variable
	The method getInternalArmorforTemplate(MechClass, ChassisComponent) in the type ArmorService is not applicable for the arguments (MechClass, ComponentType)
	ItemType cannot be resolved to a variable
	ItemType cannot be resolved to a variable
	The method getInternalArmorforTemplate(MechClass, ChassisComponent) in the type ArmorService is not applicable for the arguments (MechClass, ComponentType)
	ItemType cannot be resolved to a variable
	ItemType cannot be resolved to a variable
	ItemType cannot be resolved to a variable
	ItemType cannot be resolved to a variable
	ItemType cannot be resolved to a variable
	ItemType cannot be resolved to a variable

	at service.MechBayUnitTest.&lt;init&gt;(MechBayUnitTest.java:20)
	at sun.reflect.NativeConstructorAccessorImpl.newInstance0(Native Method)
	at java.lang.reflect.Constructor.newInstance(Constructor.java:526)
	at sun.reflect.NativeMethodAccessorImpl.invoke0(Native Method)
	at java.lang.reflect.Method.invoke(Method.java:606)
	at sun.reflect.NativeMethodAccessorImpl.invoke0(Native Method)
	at java.lang.reflect.Method.invoke(Method.java:606)
	at org.apache.maven.surefire.junit4.JUnit4Provider.execute(JUnit4Provider.java:252)
	at org.apache.maven.surefire.junit4.JUnit4Provider.executeTestSet(JUnit4Provider.java:141)
	at org.apache.maven.surefire.junit4.JUnit4Provider.invoke(JUnit4Provider.java:112)
	at sun.reflect.NativeMethodAccessorImpl.invoke0(Native Method)
	at java.lang.reflect.Method.invoke(Method.java:606)
	at org.apache.maven.surefire.util.ReflectionUtils.invokeMethodWithArray(ReflectionUtils.java:189)
	at org.apache.maven.surefire.booter.ProviderFactory$ProviderProxy.invoke(ProviderFactory.java:165)
	at org.apache.maven.surefire.booter.ProviderFactory.invokeProvider(ProviderFactory.java:85)
	at org.apache.maven.surefire.booter.ForkedBooter.runSuitesInProcess(ForkedBooter.java:115)
	at org.apache.maven.surefire.booter.ForkedBooter.main(ForkedBooter.java:75)
</error>
  </testcase>
  <testcase time="0" classname="service.MechBayUnitTest" name="canAssembleMediumHead">
    <error message="Unresolved compilation problems: 
	The import enums.ItemType cannot be resolved
	The method getInternalArmorforTemplate(MechClass, ChassisComponent) in the type ArmorService is not applicable for the arguments (MechClass, ComponentType)
	ItemType cannot be resolved to a variable
	ItemType cannot be resolved to a variable
	The method getInternalArmorforTemplate(MechClass, ChassisComponent) in the type ArmorService is not applicable for the arguments (MechClass, ComponentType)
	ItemType cannot be resolved to a variable
	ItemType cannot be resolved to a variable
	The method getInternalArmorforTemplate(MechClass, ChassisComponent) in the type ArmorService is not applicable for the arguments (MechClass, ComponentType)
	ItemType cannot be resolved to a variable
	ItemType cannot be resolved to a variable
	The method getInternalArmorforTemplate(MechClass, ChassisComponent) in the type ArmorService is not applicable for the arguments (MechClass, ComponentType)
	ItemType cannot be resolved to a variable
	ItemType cannot be resolved to a variable
	ItemType cannot be resolved to a variable
	ItemType cannot be resolved to a variable
	ItemType cannot be resolved to a variable
	ItemType cannot be resolved to a variable
" type="java.lang.Error">java.lang.Error: Unresolved compilation problems: 
	The import enums.ItemType cannot be resolved
	The method getInternalArmorforTemplate(MechClass, ChassisComponent) in the type ArmorService is not applicable for the arguments (MechClass, ComponentType)
	ItemType cannot be resolved to a variable
	ItemType cannot be resolved to a variable
	The method getInternalArmorforTemplate(MechClass, ChassisComponent) in the type ArmorService is not applicable for the arguments (MechClass, ComponentType)
	ItemType cannot be resolved to a variable
	ItemType cannot be resolved to a variable
	The method getInternalArmorforTemplate(MechClass, ChassisComponent) in the type ArmorService is not applicable for the arguments (MechClass, ComponentType)
	ItemType cannot be resolved to a variable
	ItemType cannot be resolved to a variable
	The method getInternalArmorforTemplate(MechClass, ChassisComponent) in the type ArmorService is not applicable for the arguments (MechClass, ComponentType)
	ItemType cannot be resolved to a variable
	ItemType cannot be resolved to a variable
	ItemType cannot be resolved to a variable
	ItemType cannot be resolved to a variable
	ItemType cannot be resolved to a variable
	ItemType cannot be resolved to a variable

	at service.MechBayUnitTest.&lt;init&gt;(MechBayUnitTest.java:20)
	at sun.reflect.NativeConstructorAccessorImpl.newInstance0(Native Method)
	at java.lang.reflect.Constructor.newInstance(Constructor.java:526)
	at sun.reflect.NativeMethodAccessorImpl.invoke0(Native Method)
	at java.lang.reflect.Method.invoke(Method.java:606)
	at sun.reflect.NativeMethodAccessorImpl.invoke0(Native Method)
	at java.lang.reflect.Method.invoke(Method.java:606)
	at org.apache.maven.surefire.junit4.JUnit4Provider.execute(JUnit4Provider.java:252)
	at org.apache.maven.surefire.junit4.JUnit4Provider.executeTestSet(JUnit4Provider.java:141)
	at org.apache.maven.surefire.junit4.JUnit4Provider.invoke(JUnit4Provider.java:112)
	at sun.reflect.NativeMethodAccessorImpl.invoke0(Native Method)
	at java.lang.reflect.Method.invoke(Method.java:606)
	at org.apache.maven.surefire.util.ReflectionUtils.invokeMethodWithArray(ReflectionUtils.java:189)
	at org.apache.maven.surefire.booter.ProviderFactory$ProviderProxy.invoke(ProviderFactory.java:165)
	at org.apache.maven.surefire.booter.ProviderFactory.invokeProvider(ProviderFactory.java:85)
	at org.apache.maven.surefire.booter.ForkedBooter.runSuitesInProcess(ForkedBooter.java:115)
	at org.apache.maven.surefire.booter.ForkedBooter.main(ForkedBooter.java:75)
</error>
  </testcase>
  <testcase time="0" classname="service.MechBayUnitTest" name="canAssembleMediumRightArm">
    <error message="Unresolved compilation problems: 
	The import enums.ItemType cannot be resolved
	The method getInternalArmorforTemplate(MechClass, ChassisComponent) in the type ArmorService is not applicable for the arguments (MechClass, ComponentType)
	ItemType cannot be resolved to a variable
	ItemType cannot be resolved to a variable
	The method getInternalArmorforTemplate(MechClass, ChassisComponent) in the type ArmorService is not applicable for the arguments (MechClass, ComponentType)
	ItemType cannot be resolved to a variable
	ItemType cannot be resolved to a variable
	The method getInternalArmorforTemplate(MechClass, ChassisComponent) in the type ArmorService is not applicable for the arguments (MechClass, ComponentType)
	ItemType cannot be resolved to a variable
	ItemType cannot be resolved to a variable
	The method getInternalArmorforTemplate(MechClass, ChassisComponent) in the type ArmorService is not applicable for the arguments (MechClass, ComponentType)
	ItemType cannot be resolved to a variable
	ItemType cannot be resolved to a variable
	ItemType cannot be resolved to a variable
	ItemType cannot be resolved to a variable
	ItemType cannot be resolved to a variable
	ItemType cannot be resolved to a variable
" type="java.lang.Error">java.lang.Error: Unresolved compilation problems: 
	The import enums.ItemType cannot be resolved
	The method getInternalArmorforTemplate(MechClass, ChassisComponent) in the type ArmorService is not applicable for the arguments (MechClass, ComponentType)
	ItemType cannot be resolved to a variable
	ItemType cannot be resolved to a variable
	The method getInternalArmorforTemplate(MechClass, ChassisComponent) in the type ArmorService is not applicable for the arguments (MechClass, ComponentType)
	ItemType cannot be resolved to a variable
	ItemType cannot be resolved to a variable
	The method getInternalArmorforTemplate(MechClass, ChassisComponent) in the type ArmorService is not applicable for the arguments (MechClass, ComponentType)
	ItemType cannot be resolved to a variable
	ItemType cannot be resolved to a variable
	The method getInternalArmorforTemplate(MechClass, ChassisComponent) in the type ArmorService is not applicable for the arguments (MechClass, ComponentType)
	ItemType cannot be resolved to a variable
	ItemType cannot be resolved to a variable
	ItemType cannot be resolved to a variable
	ItemType cannot be resolved to a variable
	ItemType cannot be resolved to a variable
	ItemType cannot be resolved to a variable

	at service.MechBayUnitTest.&lt;init&gt;(MechBayUnitTest.java:20)
	at sun.reflect.NativeConstructorAccessorImpl.newInstance0(Native Method)
	at java.lang.reflect.Constructor.newInstance(Constructor.java:526)
	at sun.reflect.NativeMethodAccessorImpl.invoke0(Native Method)
	at java.lang.reflect.Method.invoke(Method.java:606)
	at sun.reflect.NativeMethodAccessorImpl.invoke0(Native Method)
	at java.lang.reflect.Method.invoke(Method.java:606)
	at org.apache.maven.surefire.junit4.JUnit4Provider.execute(JUnit4Provider.java:252)
	at org.apache.maven.surefire.junit4.JUnit4Provider.executeTestSet(JUnit4Provider.java:141)
	at org.apache.maven.surefire.junit4.JUnit4Provider.invoke(JUnit4Provider.java:112)
	at sun.reflect.NativeMethodAccessorImpl.invoke0(Native Method)
	at java.lang.reflect.Method.invoke(Method.java:606)
	at org.apache.maven.surefire.util.ReflectionUtils.invokeMethodWithArray(ReflectionUtils.java:189)
	at org.apache.maven.surefire.booter.ProviderFactory$ProviderProxy.invoke(ProviderFactory.java:165)
	at org.apache.maven.surefire.booter.ProviderFactory.invokeProvider(ProviderFactory.java:85)
	at org.apache.maven.surefire.booter.ForkedBooter.runSuitesInProcess(ForkedBooter.java:115)
	at org.apache.maven.surefire.booter.ForkedBooter.main(ForkedBooter.java:75)
</error>
  </testcase>
  <testcase time="0.001" classname="service.MechBayUnitTest" name="canAssembleMediumLeftLeg">
    <error message="Unresolved compilation problems: 
	The import enums.ItemType cannot be resolved
	The method getInternalArmorforTemplate(MechClass, ChassisComponent) in the type ArmorService is not applicable for the arguments (MechClass, ComponentType)
	ItemType cannot be resolved to a variable
	ItemType cannot be resolved to a variable
	The method getInternalArmorforTemplate(MechClass, ChassisComponent) in the type ArmorService is not applicable for the arguments (MechClass, ComponentType)
	ItemType cannot be resolved to a variable
	ItemType cannot be resolved to a variable
	The method getInternalArmorforTemplate(MechClass, ChassisComponent) in the type ArmorService is not applicable for the arguments (MechClass, ComponentType)
	ItemType cannot be resolved to a variable
	ItemType cannot be resolved to a variable
	The method getInternalArmorforTemplate(MechClass, ChassisComponent) in the type ArmorService is not applicable for the arguments (MechClass, ComponentType)
	ItemType cannot be resolved to a variable
	ItemType cannot be resolved to a variable
	ItemType cannot be resolved to a variable
	ItemType cannot be resolved to a variable
	ItemType cannot be resolved to a variable
	ItemType cannot be resolved to a variable
" type="java.lang.Error">java.lang.Error: Unresolved compilation problems: 
	The import enums.ItemType cannot be resolved
	The method getInternalArmorforTemplate(MechClass, ChassisComponent) in the type ArmorService is not applicable for the arguments (MechClass, ComponentType)
	ItemType cannot be resolved to a variable
	ItemType cannot be resolved to a variable
	The method getInternalArmorforTemplate(MechClass, ChassisComponent) in the type ArmorService is not applicable for the arguments (MechClass, ComponentType)
	ItemType cannot be resolved to a variable
	ItemType cannot be resolved to a variable
	The method getInternalArmorforTemplate(MechClass, ChassisComponent) in the type ArmorService is not applicable for the arguments (MechClass, ComponentType)
	ItemType cannot be resolved to a variable
	ItemType cannot be resolved to a variable
	The method getInternalArmorforTemplate(MechClass, ChassisComponent) in the type ArmorService is not applicable for the arguments (MechClass, ComponentType)
	ItemType cannot be resolved to a variable
	ItemType cannot be resolved to a variable
	ItemType cannot be resolved to a variable
	ItemType cannot be resolved to a variable
	ItemType cannot be resolved to a variable
	ItemType cannot be resolved to a variable

	at service.MechBayUnitTest.&lt;init&gt;(MechBayUnitTest.java:20)
	at sun.reflect.NativeConstructorAccessorImpl.newInstance0(Native Method)
	at java.lang.reflect.Constructor.newInstance(Constructor.java:526)
	at sun.reflect.NativeMethodAccessorImpl.invoke0(Native Method)
	at java.lang.reflect.Method.invoke(Method.java:606)
	at sun.reflect.NativeMethodAccessorImpl.invoke0(Native Method)
	at java.lang.reflect.Method.invoke(Method.java:606)
	at org.apache.maven.surefire.junit4.JUnit4Provider.execute(JUnit4Provider.java:252)
	at org.apache.maven.surefire.junit4.JUnit4Provider.executeTestSet(JUnit4Provider.java:141)
	at org.apache.maven.surefire.junit4.JUnit4Provider.invoke(JUnit4Provider.java:112)
	at sun.reflect.NativeMethodAccessorImpl.invoke0(Native Method)
	at java.lang.reflect.Method.invoke(Method.java:606)
	at org.apache.maven.surefire.util.ReflectionUtils.invokeMethodWithArray(ReflectionUtils.java:189)
	at org.apache.maven.surefire.booter.ProviderFactory$ProviderProxy.invoke(ProviderFactory.java:165)
	at org.apache.maven.surefire.booter.ProviderFactory.invokeProvider(ProviderFactory.java:85)
	at org.apache.maven.surefire.booter.ForkedBooter.runSuitesInProcess(ForkedBooter.java:115)
	at org.apache.maven.surefire.booter.ForkedBooter.main(ForkedBooter.java:75)
</error>
  </testcase>
  <testcase time="0.001" classname="service.MechBayUnitTest" name="canAssembleMech">
    <error message="Unresolved compilation problems: 
	The import enums.ItemType cannot be resolved
	The method getInternalArmorforTemplate(MechClass, ChassisComponent) in the type ArmorService is not applicable for the arguments (MechClass, ComponentType)
	ItemType cannot be resolved to a variable
	ItemType cannot be resolved to a variable
	The method getInternalArmorforTemplate(MechClass, ChassisComponent) in the type ArmorService is not applicable for the arguments (MechClass, ComponentType)
	ItemType cannot be resolved to a variable
	ItemType cannot be resolved to a variable
	The method getInternalArmorforTemplate(MechClass, ChassisComponent) in the type ArmorService is not applicable for the arguments (MechClass, ComponentType)
	ItemType cannot be resolved to a variable
	ItemType cannot be resolved to a variable
	The method getInternalArmorforTemplate(MechClass, ChassisComponent) in the type ArmorService is not applicable for the arguments (MechClass, ComponentType)
	ItemType cannot be resolved to a variable
	ItemType cannot be resolved to a variable
	ItemType cannot be resolved to a variable
	ItemType cannot be resolved to a variable
	ItemType cannot be resolved to a variable
	ItemType cannot be resolved to a variable
" type="java.lang.Error">java.lang.Error: Unresolved compilation problems: 
	The import enums.ItemType cannot be resolved
	The method getInternalArmorforTemplate(MechClass, ChassisComponent) in the type ArmorService is not applicable for the arguments (MechClass, ComponentType)
	ItemType cannot be resolved to a variable
	ItemType cannot be resolved to a variable
	The method getInternalArmorforTemplate(MechClass, ChassisComponent) in the type ArmorService is not applicable for the arguments (MechClass, ComponentType)
	ItemType cannot be resolved to a variable
	ItemType cannot be resolved to a variable
	The method getInternalArmorforTemplate(MechClass, ChassisComponent) in the type ArmorService is not applicable for the arguments (MechClass, ComponentType)
	ItemType cannot be resolved to a variable
	ItemType cannot be resolved to a variable
	The method getInternalArmorforTemplate(MechClass, ChassisComponent) in the type ArmorService is not applicable for the arguments (MechClass, ComponentType)
	ItemType cannot be resolved to a variable
	ItemType cannot be resolved to a variable
	ItemType cannot be resolved to a variable
	ItemType cannot be resolved to a variable
	ItemType cannot be resolved to a variable
	ItemType cannot be resolved to a variable

	at service.MechBayUnitTest.&lt;init&gt;(MechBayUnitTest.java:20)
	at sun.reflect.NativeConstructorAccessorImpl.newInstance0(Native Method)
	at java.lang.reflect.Constructor.newInstance(Constructor.java:526)
	at sun.reflect.NativeMethodAccessorImpl.invoke0(Native Method)
	at java.lang.reflect.Method.invoke(Method.java:606)
	at sun.reflect.NativeMethodAccessorImpl.invoke0(Native Method)
	at java.lang.reflect.Method.invoke(Method.java:606)
	at org.apache.maven.surefire.junit4.JUnit4Provider.execute(JUnit4Provider.java:252)
	at org.apache.maven.surefire.junit4.JUnit4Provider.executeTestSet(JUnit4Provider.java:141)
	at org.apache.maven.surefire.junit4.JUnit4Provider.invoke(JUnit4Provider.java:112)
	at sun.reflect.NativeMethodAccessorImpl.invoke0(Native Method)
	at java.lang.reflect.Method.invoke(Method.java:606)
	at org.apache.maven.surefire.util.ReflectionUtils.invokeMethodWithArray(ReflectionUtils.java:189)
	at org.apache.maven.surefire.booter.ProviderFactory$ProviderProxy.invoke(ProviderFactory.java:165)
	at org.apache.maven.surefire.booter.ProviderFactory.invokeProvider(ProviderFactory.java:85)
	at org.apache.maven.surefire.booter.ForkedBooter.runSuitesInProcess(ForkedBooter.java:115)
	at org.apache.maven.surefire.booter.ForkedBooter.main(ForkedBooter.java:75)
</error>
  </testcase>
</testsuite>